Wed Jan 14 14:45:04 UTC 2026 - Executing "openroad -exit -no_init -python /openlane/scripts/odbpy/lefutil.py get_metal_layers -o /openlane/designs/SAD_calc/runs/RUN_2026.01.14_14.45.03/tmp/layers.list /home/thanh/Downloads/OpenLane/pdks/sky130A/libs.ref/sky130_fd_sc_hd/techlef/sky130_fd_sc_hd__nom.tlef"

Wed Jan 14 14:45:06 UTC 2026 - Executing "/openlane/scripts/mergeLef.py -o /openlane/designs/SAD_calc/runs/RUN_2026.01.14_14.45.03/tmp/merged.nom.lef -i /home/thanh/Downloads/OpenLane/pdks/sky130A/libs.ref/sky130_fd_sc_hd/techlef/sky130_fd_sc_hd__nom.tlef {/home/thanh/Downloads/OpenLane/pdks/sky130A/libs.ref/sky130_fd_sc_hd/lef/sky130_fd_sc_hd.lef /home/thanh/Downloads/OpenLane/pdks/sky130A/libs.ref/sky130_fd_sc_hd/lef/sky130_ef_sc_hd.lef} |& tee /dev/null"

Wed Jan 14 14:45:06 UTC 2026 - Executing "/openlane/scripts/mergeLef.py -o /openlane/designs/SAD_calc/runs/RUN_2026.01.14_14.45.03/tmp/merged.min.lef -i /home/thanh/Downloads/OpenLane/pdks/sky130A/libs.ref/sky130_fd_sc_hd/techlef/sky130_fd_sc_hd__min.tlef {/home/thanh/Downloads/OpenLane/pdks/sky130A/libs.ref/sky130_fd_sc_hd/lef/sky130_fd_sc_hd.lef /home/thanh/Downloads/OpenLane/pdks/sky130A/libs.ref/sky130_fd_sc_hd/lef/sky130_ef_sc_hd.lef} |& tee /dev/null"

Wed Jan 14 14:45:06 UTC 2026 - Executing "/openlane/scripts/mergeLef.py -o /openlane/designs/SAD_calc/runs/RUN_2026.01.14_14.45.03/tmp/merged.max.lef -i /home/thanh/Downloads/OpenLane/pdks/sky130A/libs.ref/sky130_fd_sc_hd/techlef/sky130_fd_sc_hd__max.tlef {/home/thanh/Downloads/OpenLane/pdks/sky130A/libs.ref/sky130_fd_sc_hd/lef/sky130_fd_sc_hd.lef /home/thanh/Downloads/OpenLane/pdks/sky130A/libs.ref/sky130_fd_sc_hd/lef/sky130_ef_sc_hd.lef} |& tee /dev/null"

Wed Jan 14 14:45:07 UTC 2026 - Executing "python3 /openlane/scripts/mergeLib.py --output /openlane/designs/SAD_calc/runs/RUN_2026.01.14_14.45.03/tmp/synthesis/merged.lib --name sky130A_merged /home/thanh/Downloads/OpenLane/pdks/sky130A/libs.ref/sky130_fd_sc_hd/lib/sky130_fd_sc_hd__tt_025C_1v80.lib"

Wed Jan 14 14:45:09 UTC 2026 - Executing "python3 /openlane/scripts/libtrim.py --cell-file /openlane/designs/SAD_calc/runs/RUN_2026.01.14_14.45.03/tmp/synthesis/trimmed.lib.exclude.list --output /openlane/designs/SAD_calc/runs/RUN_2026.01.14_14.45.03/tmp/synthesis/trimmed.lib /openlane/designs/SAD_calc/runs/RUN_2026.01.14_14.45.03/tmp/synthesis/merged.lib"

Wed Jan 14 14:45:10 UTC 2026 - Executing "python3 /openlane/scripts/libtrim.py --cell-file /openlane/designs/SAD_calc/runs/RUN_2026.01.14_14.45.03/tmp/cts/cts.lib.exclude.list --output /openlane/designs/SAD_calc/runs/RUN_2026.01.14_14.45.03/tmp/cts/cts.lib /home/thanh/Downloads/OpenLane/pdks/sky130A/libs.ref/sky130_fd_sc_hd/lib/sky130_fd_sc_hd__tt_025C_1v80.lib"

Wed Jan 14 14:45:11 UTC 2026 - Executing "python3 /openlane/scripts/libtrim.py --cell-file /openlane/designs/SAD_calc/runs/RUN_2026.01.14_14.45.03/tmp/cts/cts-fastest.lib.exclude.list --output /openlane/designs/SAD_calc/runs/RUN_2026.01.14_14.45.03/tmp/cts/cts-fastest.lib /home/thanh/Downloads/OpenLane/pdks/sky130A/libs.ref/sky130_fd_sc_hd/lib/sky130_fd_sc_hd__ff_n40C_1v95.lib"

Wed Jan 14 14:45:13 UTC 2026 - Executing "python3 /openlane/scripts/libtrim.py --cell-file /openlane/designs/SAD_calc/runs/RUN_2026.01.14_14.45.03/tmp/cts/cts-slowest.lib.exclude.list --output /openlane/designs/SAD_calc/runs/RUN_2026.01.14_14.45.03/tmp/cts/cts-slowest.lib /home/thanh/Downloads/OpenLane/pdks/sky130A/libs.ref/sky130_fd_sc_hd/lib/sky130_fd_sc_hd__ss_100C_1v60.lib"

Wed Jan 14 14:45:14 UTC 2026 - Executing "python3 /openlane/scripts/new_tracks.py -i /home/thanh/Downloads/OpenLane/pdks/sky130A/libs.tech/openlane/sky130_fd_sc_hd/tracks.info -o /openlane/designs/SAD_calc/runs/RUN_2026.01.14_14.45.03/tmp/routing/config.tracks"

Wed Jan 14 14:45:14 UTC 2026 - Executing "echo {OpenLane ff5509f65b17bfa4068d5336495ab1718987ff69} > /openlane/designs/SAD_calc/runs/RUN_2026.01.14_14.45.03/OPENLANE_COMMIT"

Wed Jan 14 14:45:14 UTC 2026 - Executing "bash -c {verilator  --lint-only  -Wall  --Wno-DECLFILENAME  --top-module SAD_calc  /openlane/designs/SAD_calc/src/SAD_calc.v -Wno-fatal --relative-includes |& tee /openlane/designs/SAD_calc/runs/RUN_2026.01.14_14.45.03/logs/synthesis/linter.log /dev/null}"

Wed Jan 14 14:45:15 UTC 2026 - Executing "sed -E {s/^([[:space:]]+)pg_pin(.*)/\1pin\2\n\1    direction : "inout";/g} /home/thanh/Downloads/OpenLane/pdks/sky130A/libs.ref/sky130_fd_sc_hd/lib/sky130_fd_sc_hd__tt_025C_1v80.lib > /openlane/designs/SAD_calc/runs/RUN_2026.01.14_14.45.03/tmp/synthesis/1-sky130_fd_sc_hd__tt_025C_1v80.no_pg.lib"

Wed Jan 14 14:45:16 UTC 2026 - Executing "sed -E {s/^([[:space:]]+)pg_pin(.*)/\1pin\2\n\1    direction : "inout";/g} /openlane/designs/SAD_calc/runs/RUN_2026.01.14_14.45.03/tmp/synthesis/trimmed.lib > /openlane/designs/SAD_calc/runs/RUN_2026.01.14_14.45.03/tmp/synthesis/1-trimmed.no_pg.lib"

Wed Jan 14 14:45:16 UTC 2026 - Executing "yosys -c /openlane/scripts/yosys/synth.tcl |& tee /dev/null /openlane/designs/SAD_calc/runs/RUN_2026.01.14_14.45.03/logs/synthesis/1-synthesis.log"

Wed Jan 14 14:45:34 UTC 2026 - Executing "sed -i.bak -e {s/\(set ::env(CURRENT_NETLIST)\).*/\1 \/openlane\/designs\/SAD_calc\/runs\/RUN_2026.01.14_14.45.03\/results\/synthesis\/SAD_calc.v/} /openlane/designs/SAD_calc/runs/RUN_2026.01.14_14.45.03/config.tcl"

Wed Jan 14 14:45:34 UTC 2026 - Executing "sed -i.bak /defparam/d /openlane/designs/SAD_calc/runs/RUN_2026.01.14_14.45.03/results/synthesis/SAD_calc.v"

Wed Jan 14 14:45:35 UTC 2026 - Executing "sta -exit -no_init /openlane/scripts/openroad/sta/multi_corner.tcl |& tee /dev/null /openlane/designs/SAD_calc/runs/RUN_2026.01.14_14.45.03/logs/synthesis/2-sta.log"

Wed Jan 14 14:45:37 UTC 2026 - Executing "openroad -exit /openlane/scripts/openroad/floorplan.tcl |& tee /dev/null /openlane/designs/SAD_calc/runs/RUN_2026.01.14_14.45.03/logs/floorplan/3-initial_fp.log"

Wed Jan 14 14:45:40 UTC 2026 - Executing "openroad -exit -no_init -python /openlane/scripts/odbpy/snap_to_grid.py --output /openlane/designs/SAD_calc/runs/RUN_2026.01.14_14.45.03/tmp/floorplan/3-minimized_pdn.txt --input-lef /openlane/designs/SAD_calc/runs/RUN_2026.01.14_14.45.03/tmp/merged.nom.lef 15.1225 14.96 30.245 29.92"

Wed Jan 14 14:45:41 UTC 2026 - Executing "openroad -exit -no_init -python /openlane/scripts/odbpy/defutil.py extract_core_dims --output-data /openlane/designs/SAD_calc/runs/RUN_2026.01.14_14.45.03/tmp/dimensions.txt --input-lef /openlane/designs/SAD_calc/runs/RUN_2026.01.14_14.45.03/tmp/merged.nom.lef /openlane/designs/SAD_calc/runs/RUN_2026.01.14_14.45.03/tmp/floorplan/3-initial_fp.def"

Wed Jan 14 14:45:43 UTC 2026 - Executing "openroad -exit /openlane/scripts/openroad/ioplacer.tcl |& tee /dev/null /openlane/designs/SAD_calc/runs/RUN_2026.01.14_14.45.03/logs/floorplan/4-io.log"

Wed Jan 14 14:45:45 UTC 2026 - Executing "openroad -exit /openlane/scripts/openroad/tapcell.tcl |& tee /dev/null /openlane/designs/SAD_calc/runs/RUN_2026.01.14_14.45.03/logs/floorplan/5-tap.log"

Wed Jan 14 14:45:48 UTC 2026 - Executing "openroad -exit /openlane/scripts/openroad/pdn.tcl |& tee /dev/null /openlane/designs/SAD_calc/runs/RUN_2026.01.14_14.45.03/logs/floorplan/6-pdn.log"

Wed Jan 14 14:45:51 UTC 2026 - Executing "openroad -exit /openlane/scripts/openroad/gpl.tcl |& tee /dev/null /openlane/designs/SAD_calc/runs/RUN_2026.01.14_14.45.03/logs/placement/7-global.log"

Wed Jan 14 14:45:59 UTC 2026 - Executing "sed -i.bak -e {s/\(set ::env(CURRENT_NETLIST)\).*/\1 \/openlane\/designs\/SAD_calc\/runs\/RUN_2026.01.14_14.45.03\/tmp\/placement\/7-global.nl.v/} /openlane/designs/SAD_calc/runs/RUN_2026.01.14_14.45.03/config.tcl"

Wed Jan 14 14:46:00 UTC 2026 - Executing "openroad -exit /openlane/scripts/openroad/sta/multi_corner.tcl |& tee /dev/null /openlane/designs/SAD_calc/runs/RUN_2026.01.14_14.45.03/logs/placement/8-gpl_sta.log"

Wed Jan 14 14:46:02 UTC 2026 - Executing "openroad -exit /openlane/scripts/openroad/resizer.tcl |& tee /dev/null /openlane/designs/SAD_calc/runs/RUN_2026.01.14_14.45.03/logs/placement/9-resizer.log"

Wed Jan 14 14:46:08 UTC 2026 - Executing "sed -i.bak -e {s/\(set ::env(CURRENT_NETLIST)\).*/\1 \/openlane\/designs\/SAD_calc\/runs\/RUN_2026.01.14_14.45.03\/tmp\/placement\/9-resizer.nl.v/} /openlane/designs/SAD_calc/runs/RUN_2026.01.14_14.45.03/config.tcl"

Wed Jan 14 14:46:09 UTC 2026 - Executing "openroad -exit /openlane/scripts/openroad/dpl.tcl |& tee /dev/null /openlane/designs/SAD_calc/runs/RUN_2026.01.14_14.45.03/logs/placement/10-detailed.log"

Wed Jan 14 14:46:11 UTC 2026 - Executing "sed -i.bak -e {s/\(set ::env(CURRENT_NETLIST)\).*/\1 \/openlane\/designs\/SAD_calc\/runs\/RUN_2026.01.14_14.45.03\/results\/placement\/SAD_calc.nl.v/} /openlane/designs/SAD_calc/runs/RUN_2026.01.14_14.45.03/config.tcl"

Wed Jan 14 14:46:12 UTC 2026 - Executing "openroad -exit /openlane/scripts/openroad/sta/multi_corner.tcl |& tee /dev/null /openlane/designs/SAD_calc/runs/RUN_2026.01.14_14.45.03/logs/placement/11-dpl_sta.log"

Wed Jan 14 14:46:14 UTC 2026 - Executing "openroad -exit /openlane/scripts/openroad/cts.tcl |& tee /dev/null /openlane/designs/SAD_calc/runs/RUN_2026.01.14_14.45.03/logs/cts/12-cts.log"

Wed Jan 14 14:48:46 UTC 2026 - Executing "openroad -exit /openlane/scripts/openroad/sta/multi_corner.tcl |& tee /dev/null /openlane/designs/SAD_calc/runs/RUN_2026.01.14_14.45.03/logs/cts/13-cts_sta.log"

Wed Jan 14 14:48:50 UTC 2026 - Executing "openroad -exit /openlane/scripts/openroad/resizer_timing.tcl |& tee /dev/null /openlane/designs/SAD_calc/runs/RUN_2026.01.14_14.45.03/logs/cts/14-resizer.log"

Wed Jan 14 14:49:05 UTC 2026 - Executing "sed -i.bak -e {s/\(set ::env(CURRENT_NETLIST)\).*/\1 \/openlane\/designs\/SAD_calc\/runs\/RUN_2026.01.14_14.45.03\/tmp\/cts\/14-SAD_calc.resized.nl.v/} /openlane/designs/SAD_calc/runs/RUN_2026.01.14_14.45.03/config.tcl"

Wed Jan 14 14:49:05 UTC 2026 - Executing "openroad -exit /openlane/scripts/openroad/resizer_routing_design.tcl |& tee /dev/null /openlane/designs/SAD_calc/runs/RUN_2026.01.14_14.45.03/logs/routing/15-resizer_design.log"

Wed Jan 14 14:49:13 UTC 2026 - Executing "sed -i.bak -e {s/\(set ::env(CURRENT_NETLIST)\).*/\1 \/openlane\/designs\/SAD_calc\/runs\/RUN_2026.01.14_14.45.03\/tmp\/15-SAD_calc.nl.v/} /openlane/designs/SAD_calc/runs/RUN_2026.01.14_14.45.03/config.tcl"

Wed Jan 14 14:49:14 UTC 2026 - Executing "openroad -exit /openlane/scripts/openroad/sta/multi_corner.tcl |& tee /dev/null /openlane/designs/SAD_calc/runs/RUN_2026.01.14_14.45.03/logs/routing/16-rsz_design_sta.log"

Wed Jan 14 14:49:18 UTC 2026 - Executing "openroad -exit /openlane/scripts/openroad/resizer_routing_timing.tcl |& tee /dev/null /openlane/designs/SAD_calc/runs/RUN_2026.01.14_14.45.03/logs/routing/17-resizer_timing.log"

Wed Jan 14 14:49:29 UTC 2026 - Executing "sed -i.bak -e {s/\(set ::env(CURRENT_NETLIST)\).*/\1 \/openlane\/designs\/SAD_calc\/runs\/RUN_2026.01.14_14.45.03\/tmp\/17-SAD_calc.nl.v/} /openlane/designs/SAD_calc/runs/RUN_2026.01.14_14.45.03/config.tcl"

Wed Jan 14 14:49:30 UTC 2026 - Executing "openroad -exit /openlane/scripts/openroad/sta/multi_corner.tcl |& tee /dev/null /openlane/designs/SAD_calc/runs/RUN_2026.01.14_14.45.03/logs/routing/18-rsz_timing_sta.log"

Wed Jan 14 14:49:33 UTC 2026 - Executing "openroad -exit /openlane/scripts/openroad/groute.tcl |& tee /dev/null /openlane/designs/SAD_calc/runs/RUN_2026.01.14_14.45.03/logs/routing/19-global.log"

Wed Jan 14 14:49:36 UTC 2026 - Executing "openroad -exit /openlane/scripts/openroad/write_views.tcl |& tee /dev/null /openlane/designs/SAD_calc/runs/RUN_2026.01.14_14.45.03/logs/routing/19-global_write_netlist.log"

Wed Jan 14 14:49:38 UTC 2026 - Executing "sed -i.bak -e {s/\(set ::env(CURRENT_NETLIST)\).*/\1 \/openlane\/designs\/SAD_calc\/runs\/RUN_2026.01.14_14.45.03\/tmp\/routing\/global.nl.v/} /openlane/designs/SAD_calc/runs/RUN_2026.01.14_14.45.03/config.tcl"

Wed Jan 14 14:49:38 UTC 2026 - Executing "openroad -exit /openlane/scripts/openroad/sta/multi_corner.tcl |& tee /dev/null /openlane/designs/SAD_calc/runs/RUN_2026.01.14_14.45.03/logs/routing/21-grt_sta.log"

Wed Jan 14 14:49:42 UTC 2026 - Executing "openroad -exit /openlane/scripts/openroad/fill.tcl |& tee /dev/null /openlane/designs/SAD_calc/runs/RUN_2026.01.14_14.45.03/logs/routing/22-fill.log"

Wed Jan 14 14:49:44 UTC 2026 - Executing "sed -i.bak -e {s/\(set ::env(CURRENT_NETLIST)\).*/\1 \/openlane\/designs\/SAD_calc\/runs\/RUN_2026.01.14_14.45.03\/tmp\/routing\/22-fill.nl.v/} /openlane/designs/SAD_calc/runs/RUN_2026.01.14_14.45.03/config.tcl"

Wed Jan 14 14:49:44 UTC 2026 - Executing "openroad -exit /openlane/scripts/openroad/droute.tcl |& tee /dev/null /openlane/designs/SAD_calc/runs/RUN_2026.01.14_14.45.03/logs/routing/23-detailed.log"

Wed Jan 14 14:54:33 UTC 2026 - Executing "sed -i.bak -e {s/\(set ::env(CURRENT_NETLIST)\).*/\1 \/openlane\/designs\/SAD_calc\/runs\/RUN_2026.01.14_14.45.03\/results\/routing\/SAD_calc.nl.v/} /openlane/designs/SAD_calc/runs/RUN_2026.01.14_14.45.03/config.tcl"

Wed Jan 14 14:54:33 UTC 2026 - Executing "python3 /openlane/scripts/drc_rosetta.py tr to_klayout -o /openlane/designs/SAD_calc/runs/RUN_2026.01.14_14.45.03/reports/routing/drt.klayout.xml --design-name SAD_calc /openlane/designs/SAD_calc/runs/RUN_2026.01.14_14.45.03/reports/routing/drt.drc"

Wed Jan 14 14:54:34 UTC 2026 - Executing "openroad -exit -no_init -python /openlane/scripts/odbpy/wire_lengths.py --report-out /openlane/designs/SAD_calc/runs/RUN_2026.01.14_14.45.03/reports/routing/24-wire_lengths.csv --input-lef /openlane/designs/SAD_calc/runs/RUN_2026.01.14_14.45.03/tmp/merged.nom.lef --output-def /dev/null --output /openlane/designs/SAD_calc/runs/RUN_2026.01.14_14.45.03/results/routing/SAD_calc.odb /openlane/designs/SAD_calc/runs/RUN_2026.01.14_14.45.03/results/routing/SAD_calc.odb |& tee /dev/null /openlane/designs/SAD_calc/runs/RUN_2026.01.14_14.45.03/logs/routing/24-wire_lengths.log"

Wed Jan 14 14:54:36 UTC 2026 - Executing "openroad -exit /openlane/scripts/openroad/rcx.tcl |& tee /dev/null /openlane/designs/SAD_calc/runs/RUN_2026.01.14_14.45.03/logs/signoff/25-parasitics_extraction.min.log"

Wed Jan 14 14:54:39 UTC 2026 - Executing "sta -exit -no_init /openlane/scripts/openroad/sta/multi_corner.tcl |& tee /dev/null /openlane/designs/SAD_calc/runs/RUN_2026.01.14_14.45.03/logs/signoff/26-rcx_mcsta.min.log"

Wed Jan 14 14:54:50 UTC 2026 - Executing "openroad -exit /openlane/scripts/openroad/rcx.tcl |& tee /dev/null /openlane/designs/SAD_calc/runs/RUN_2026.01.14_14.45.03/logs/signoff/27-parasitics_extraction.max.log"

Wed Jan 14 14:54:53 UTC 2026 - Executing "sta -exit -no_init /openlane/scripts/openroad/sta/multi_corner.tcl |& tee /dev/null /openlane/designs/SAD_calc/runs/RUN_2026.01.14_14.45.03/logs/signoff/28-rcx_mcsta.max.log"

Wed Jan 14 14:55:05 UTC 2026 - Executing "openroad -exit /openlane/scripts/openroad/rcx.tcl |& tee /dev/null /openlane/designs/SAD_calc/runs/RUN_2026.01.14_14.45.03/logs/signoff/29-parasitics_extraction.nom.log"

Wed Jan 14 14:55:08 UTC 2026 - Executing "sta -exit -no_init /openlane/scripts/openroad/sta/multi_corner.tcl |& tee /dev/null /openlane/designs/SAD_calc/runs/RUN_2026.01.14_14.45.03/logs/signoff/30-rcx_mcsta.nom.log"

Wed Jan 14 14:55:19 UTC 2026 - Executing "sta -exit -no_init /openlane/scripts/openroad/sta/multi_corner.tcl |& tee /dev/null /openlane/designs/SAD_calc/runs/RUN_2026.01.14_14.45.03/logs/signoff/31-rcx_sta.log"

Wed Jan 14 14:55:23 UTC 2026 - Executing "openroad -exit /openlane/scripts/openroad/irdrop.tcl |& tee /dev/null /openlane/designs/SAD_calc/runs/RUN_2026.01.14_14.45.03/logs/signoff/32-irdrop.log"

Wed Jan 14 14:55:27 UTC 2026 - Executing "magic -noconsole -dnull -rcfile /home/thanh/Downloads/OpenLane/pdks/sky130A/libs.tech/magic/sky130A.magicrc < /openlane/scripts/magic/wrapper.tcl |& tee /dev/null /openlane/designs/SAD_calc/runs/RUN_2026.01.14_14.45.03/logs/signoff/33-gdsii.log"

Wed Jan 14 14:55:29 UTC 2026 - Executing "magic -noconsole -dnull -rcfile /home/thanh/Downloads/OpenLane/pdks/sky130A/libs.tech/magic/sky130A.magicrc < /openlane/scripts/magic/wrapper.tcl |& tee /dev/null /openlane/designs/SAD_calc/runs/RUN_2026.01.14_14.45.03/logs/signoff/33-gds_ptrs.log"

Wed Jan 14 14:55:32 UTC 2026 - Executing "sed -i.bak -n {/^<< properties >>/,/^<< end >>/p} /openlane/designs/SAD_calc/runs/RUN_2026.01.14_14.45.03/tmp/signoff/gds_ptrs.mag"

Wed Jan 14 14:55:32 UTC 2026 - Executing "magic -noconsole -dnull -rcfile /home/thanh/Downloads/OpenLane/pdks/sky130A/libs.tech/magic/sky130A.magicrc < /openlane/scripts/magic/wrapper.tcl |& tee /dev/null /openlane/designs/SAD_calc/runs/RUN_2026.01.14_14.45.03/logs/signoff/33-lef.log"

Wed Jan 14 14:55:35 UTC 2026 - Executing "magic -noconsole -dnull -rcfile /home/thanh/Downloads/OpenLane/pdks/sky130A/libs.tech/magic/sky130A.magicrc < /openlane/scripts/magic/wrapper.tcl |& tee /dev/null /openlane/designs/SAD_calc/runs/RUN_2026.01.14_14.45.03/logs/signoff/33-maglef.log"

Wed Jan 14 14:55:37 UTC 2026 - Executing "python3 /openlane/scripts/klayout/stream_out.py --output /openlane/designs/SAD_calc/runs/RUN_2026.01.14_14.45.03/results/signoff/SAD_calc.klayout.gds --lyt /home/thanh/Downloads/OpenLane/pdks/sky130A/libs.tech/klayout/tech/sky130A.lyt --lym /home/thanh/Downloads/OpenLane/pdks/sky130A/libs.tech/klayout/tech/sky130A.map --lyp /home/thanh/Downloads/OpenLane/pdks/sky130A/libs.tech/klayout/tech/sky130A.lyp --top SAD_calc --with-gds-file /home/thanh/Downloads/OpenLane/pdks/sky130A/libs.ref/sky130_fd_sc_hd/gds/sky130_fd_sc_hd.gds --input-lef /openlane/designs/SAD_calc/runs/RUN_2026.01.14_14.45.03/tmp/merged.nom.lef /openlane/designs/SAD_calc/runs/RUN_2026.01.14_14.45.03/results/routing/SAD_calc.def |& tee /dev/null /openlane/designs/SAD_calc/runs/RUN_2026.01.14_14.45.03/logs/signoff/34-gdsii-klayout.log"

Wed Jan 14 14:55:40 UTC 2026 - Executing "klayout -b -r /openlane/scripts/klayout/xor.drc -rd a=/openlane/designs/SAD_calc/runs/RUN_2026.01.14_14.45.03/results/signoff/SAD_calc.gds -rd b=/openlane/designs/SAD_calc/runs/RUN_2026.01.14_14.45.03/results/signoff/SAD_calc.klayout.gds -rd jobs=1 -rd rdb_out=/openlane/designs/SAD_calc/runs/RUN_2026.01.14_14.45.03/reports/signoff/35-xor.xml -rd ignore=81/14 -rd rpt_out=/openlane/designs/SAD_calc/runs/RUN_2026.01.14_14.45.03/reports/signoff/35-xor.rpt |& tee /dev/null /openlane/designs/SAD_calc/runs/RUN_2026.01.14_14.45.03/logs/signoff/35-xor.log"

Wed Jan 14 14:55:47 UTC 2026 - Executing "magic -noconsole -dnull -rcfile /home/thanh/Downloads/OpenLane/pdks/sky130A/libs.tech/magic/sky130A.magicrc < /openlane/scripts/magic/wrapper.tcl |& tee /dev/null /openlane/designs/SAD_calc/runs/RUN_2026.01.14_14.45.03/logs/signoff/36-spice.log"

Wed Jan 14 14:55:53 UTC 2026 - Executing "openroad -exit -no_init -python /openlane/scripts/odbpy/power_utils.py write_powered_def --output /openlane/designs/SAD_calc/runs/RUN_2026.01.14_14.45.03/tmp/signoff/36-SAD_calc.p.def --input-lef /openlane/designs/SAD_calc/runs/RUN_2026.01.14_14.45.03/tmp/merged.nom.lef --power-port VPWR --ground-port VGND --powered-netlist {} /openlane/designs/SAD_calc/runs/RUN_2026.01.14_14.45.03/results/routing/SAD_calc.def |& tee /dev/null /openlane/designs/SAD_calc/runs/RUN_2026.01.14_14.45.03/logs/signoff/37-write_powered_def.log"

Wed Jan 14 14:55:54 UTC 2026 - Executing "openroad -exit /openlane/scripts/openroad/write_views.tcl |& tee /dev/null /openlane/designs/SAD_calc/runs/RUN_2026.01.14_14.45.03/logs/signoff/37-write_powered_verilog.log"

Wed Jan 14 14:55:56 UTC 2026 - Executing "sed -i.bak -e {s/\(set ::env(CURRENT_NETLIST)\).*/\1 \/openlane\/designs\/SAD_calc\/runs\/RUN_2026.01.14_14.45.03\/tmp\/signoff\/36-SAD_calc.nl.v/} /openlane/designs/SAD_calc/runs/RUN_2026.01.14_14.45.03/config.tcl"

Wed Jan 14 14:55:58 UTC 2026 - Executing "netgen -batch source /openlane/designs/SAD_calc/runs/RUN_2026.01.14_14.45.03/tmp/signoff/39-setup_file.lef.lvs |& tee /dev/null /openlane/designs/SAD_calc/runs/RUN_2026.01.14_14.45.03/logs/signoff/39-lvs.lef.log"

Wed Jan 14 14:55:59 UTC 2026 - Executing "magic -noconsole -dnull -rcfile /home/thanh/Downloads/OpenLane/pdks/sky130A/libs.tech/magic/sky130A.magicrc < /openlane/scripts/magic/wrapper.tcl |& tee /dev/null /openlane/designs/SAD_calc/runs/RUN_2026.01.14_14.45.03/logs/signoff/40-drc.log"

Wed Jan 14 14:56:03 UTC 2026 - Executing "python3 /openlane/scripts/drc_rosetta.py magic to_tcl -o /openlane/designs/SAD_calc/runs/RUN_2026.01.14_14.45.03/reports/signoff/drc.tcl /openlane/designs/SAD_calc/runs/RUN_2026.01.14_14.45.03/reports/signoff/drc.rpt"

Wed Jan 14 14:56:04 UTC 2026 - Executing "python3 /openlane/scripts/drc_rosetta.py magic to_tr -o /openlane/designs/SAD_calc/runs/RUN_2026.01.14_14.45.03/reports/signoff/drc.tr /openlane/designs/SAD_calc/runs/RUN_2026.01.14_14.45.03/reports/signoff/drc.rpt"

Wed Jan 14 14:56:04 UTC 2026 - Executing "python3 /openlane/scripts/drc_rosetta.py tr to_klayout -o /openlane/designs/SAD_calc/runs/RUN_2026.01.14_14.45.03/reports/signoff/drc.klayout.xml --design-name SAD_calc /openlane/designs/SAD_calc/runs/RUN_2026.01.14_14.45.03/reports/signoff/drc.tr"

Wed Jan 14 14:56:04 UTC 2026 - Executing "python3 /openlane/scripts/drc_rosetta.py magic to_rdb -o /openlane/designs/SAD_calc/runs/RUN_2026.01.14_14.45.03/reports/signoff/drc.rdb /openlane/designs/SAD_calc/runs/RUN_2026.01.14_14.45.03/reports/signoff/drc.rpt"

Wed Jan 14 14:56:05 UTC 2026 - Executing "openroad -exit /openlane/scripts/openroad/antenna_check.tcl |& tee /dev/null /openlane/designs/SAD_calc/runs/RUN_2026.01.14_14.45.03/logs/signoff/41-arc.log"

Wed Jan 14 14:56:07 UTC 2026 - Executing "python3 /openlane/scripts/extract_antenna_violators.py --output /openlane/designs/SAD_calc/runs/RUN_2026.01.14_14.45.03/reports/signoff/41-antenna_violators.rpt --plain-out /openlane/designs/SAD_calc/runs/RUN_2026.01.14_14.45.03/reports/signoff/41-antenna_violators_pins.txt /openlane/designs/SAD_calc/runs/RUN_2026.01.14_14.45.03/logs/signoff/41-arc.log"

